{

  "init": "5",
  "goal": "0",
  "nodes" : {
    "0": {
      "expected_successor": false,
      "action": "---",
      "state": "0x267b1dc0",
      "distance": 0,
      "is_relevant": 1,
      "is_goal": 1,
      "is_sc": 1,
      "successors": [

       ]
    },
    "1": {
      "expected_successor": "0",
      "action": "goal_pizza_eaten",
      "state": "0x267b4290",
      "distance": 1,
      "is_relevant": 0,
      "is_goal": 0,
      "is_sc": 1,
      "successors": [
        {
            "outcome_label": "goal_pizza_eaten",
            "successor_id": "0"
        }
       ]
    },
    "2": {
      "expected_successor": "1",
      "action": "eat_pizza",
      "state": "0x267b21c0",
      "distance": 2,
      "is_relevant": 0,
      "is_goal": 0,
      "is_sc": 1,
      "successors": [
        {
            "outcome_label": "eat_pizza",
            "successor_id": "1"
        }
       ]
    },
    "3": {
      "expected_successor": "2",
      "action": "event_gateway_00a8n5n",
      "state": "0x267b4210",
      "distance": 3,
      "is_relevant": 0,
      "is_goal": 0,
      "is_sc": 1,
      "successors": [
        {
            "outcome_label": "event_gateway_00a8n5n_DETDUP_1",
            "successor_id": "7"
        },
        {
            "outcome_label": "event_gateway_00a8n5n_DETDUP_2",
            "successor_id": "2"
        }
       ]
    },
    "4": {
      "expected_successor": "3",
      "action": "order_pizza",
      "state": "0x267b8240",
      "distance": 4,
      "is_relevant": 0,
      "is_goal": 0,
      "is_sc": 1,
      "successors": [
        {
            "outcome_label": "order_pizza",
            "successor_id": "3"
        }
       ]
    },
    "5": {
      "expected_successor": "4",
      "action": "start_pizza_wanted",
      "state": "0x267b4d50",
      "distance": 5,
      "is_relevant": 0,
      "is_goal": 0,
      "is_sc": 1,
      "successors": [
        {
            "outcome_label": "start_pizza_wanted",
            "successor_id": "4"
        }
       ]
    },
    "8": {
      "expected_successor": "0",
      "action": "goal_order_cancelled",
      "state": "0x267bb460",
      "distance": 1,
      "is_relevant": 0,
      "is_goal": 0,
      "is_sc": 1,
      "successors": [
        {
            "outcome_label": "goal_order_cancelled",
            "successor_id": "0"
        }
       ]
    },
    "7": {
      "expected_successor": "6",
      "action": "complain_to_delivery_service",
      "state": "0x267ba320",
      "distance": 4,
      "is_relevant": 0,
      "is_goal": 0,
      "is_sc": 1,
      "successors": [
        {
            "outcome_label": "complain_to_delivery_service",
            "successor_id": "6"
        }
       ]
    },
    "6": {
      "expected_successor": "2",
      "action": "event_gateway_1ushrpr",
      "state": "0x267b8080",
      "distance": 3,
      "is_relevant": 0,
      "is_goal": 0,
      "is_sc": 1,
      "successors": [
        {
            "outcome_label": "event_gateway_1ushrpr_DETDUP_1",
            "successor_id": "2"
        },
        {
            "outcome_label": "event_gateway_1ushrpr_DETDUP_2",
            "successor_id": "9"
        }
       ]
    },
    "9": {
      "expected_successor": "8",
      "action": "cancel_order",
      "state": "0x267bb7e0",
      "distance": 2,
      "is_relevant": 0,
      "is_goal": 0,
      "is_sc": 1,
      "successors": [
        {
            "outcome_label": "cancel_order",
            "successor_id": "8"
        }
       ]
    }
  },
  "edges" : [
      ["1", ">", "0"],
      ["2", ">", "1"],
      ["3", ">", "7"],
      ["3", ">", "2"],
      ["4", ">", "3"],
      ["5", ">", "4"],
      ["8", ">", "0"],
      ["7", ">", "6"],
      ["6", ">", "2"],
      ["6", ">", "9"],
      ["9", ">", "8"]
  ],
  "states" : {
    "0x267b1dc0": [
      "Atom done()"
    ],
    "0x267b4290": [
      "Atom event_1o7q4l5()"
    ],
    "0x267b21c0": [
      "Atom event_0p3pi5l()"
    ],
    "0x267b4210": [
      "Atom gateway_00a8n5n()"
    ],
    "0x267b8240": [
      "Atom startevent_1()"
    ],
    "0x267b4d50": [
      "NegatedAtom started()",
      "NegatedAtom startevent_1()"
    ],
    "0x267bb460": [
      "Atom event_07029z3()"
    ],
    "0x267ba320": [
      "Atom event_1n3fu60()"
    ],
    "0x267b8080": [
      "Atom gateway_1ushrpr()"
    ],
    "0x267bb7e0": [
      "Atom event_1ylp3d5()"
    ]
   }
}