{

  "init": "26",
  "goal": "0",
  "nodes" : {
    "0": {
      "expected_successor": false,
      "action": "---",
      "state": "0xf3f6100",
      "distance": 0,
      "is_relevant": 1,
      "is_goal": 1,
      "is_sc": 1,
      "successors": [

       ]
    },
    "13": {
      "expected_successor": "12",
      "action": "insure_parcel",
      "state": "0xf40be90",
      "distance": 6,
      "is_relevant": 0,
      "is_goal": 0,
      "is_sc": 1,
      "successors": [
        {
            "outcome_label": "insure_parcel",
            "successor_id": "12"
        }
       ]
    },
    "20": {
      "expected_successor": "12",
      "action": "write_package_label",
      "state": "0xf404fb0",
      "distance": 6,
      "is_relevant": 0,
      "is_goal": 0,
      "is_sc": 1,
      "successors": [
        {
            "outcome_label": "write_package_label",
            "successor_id": "12"
        }
       ]
    },
    "27": {
      "expected_successor": "13",
      "action": "write_package_label",
      "state": "0xf404230",
      "distance": 7,
      "is_relevant": 0,
      "is_goal": 0,
      "is_sc": 1,
      "successors": [
        {
            "outcome_label": "write_package_label",
            "successor_id": "13"
        }
       ]
    },
    "5": {
      "expected_successor": "4",
      "action": "select_logistic_company_and_place_order",
      "state": "0xf4011b0",
      "distance": 5,
      "is_relevant": 0,
      "is_goal": 0,
      "is_sc": 1,
      "successors": [
        {
            "outcome_label": "select_logistic_company_and_place_order",
            "successor_id": "4"
        }
       ]
    },
    "6": {
      "expected_successor": "5",
      "action": "get_3_offers_from_logistic_companies",
      "state": "0xf405360",
      "distance": 6,
      "is_relevant": 0,
      "is_goal": 0,
      "is_sc": 1,
      "successors": [
        {
            "outcome_label": "get_3_offers_from_logistic_companies",
            "successor_id": "5"
        }
       ]
    },
    "1": {
      "expected_successor": "0",
      "action": "goal_shipment_prepared",
      "state": "0xf3fd2c0",
      "distance": 1,
      "is_relevant": 0,
      "is_goal": 0,
      "is_sc": 1,
      "successors": [
        {
            "outcome_label": "goal_shipment_prepared",
            "successor_id": "0"
        }
       ]
    },
    "2": {
      "expected_successor": "1",
      "action": "prepare_for_picking_up_goods",
      "state": "0xf3fdda0",
      "distance": 2,
      "is_relevant": 0,
      "is_goal": 0,
      "is_sc": 1,
      "successors": [
        {
            "outcome_label": "prepare_for_picking_up_goods",
            "successor_id": "1"
        }
       ]
    },
    "3": {
      "expected_successor": "2",
      "action": "parallel_exclusivegateway_0z5sib0",
      "state": "0xf3fd4e0",
      "distance": 3,
      "is_relevant": 0,
      "is_goal": 0,
      "is_sc": 1,
      "successors": [
        {
            "outcome_label": "parallel_exclusivegateway_0z5sib0",
            "successor_id": "2"
        }
       ]
    },
    "4": {
      "expected_successor": "3",
      "action": "exclusive_exclusivegateway_1ouv9kf",
      "state": "0xf3fc1f0",
      "distance": 4,
      "is_relevant": 0,
      "is_goal": 0,
      "is_sc": 1,
      "successors": [
        {
            "outcome_label": "exclusive_exclusivegateway_1ouv9kf",
            "successor_id": "3"
        }
       ]
    },
    "22": {
      "expected_successor": "6",
      "action": "exclusive_special_sandling_",
      "state": "0xf40b400",
      "distance": 7,
      "is_relevant": 0,
      "is_goal": 0,
      "is_sc": 1,
      "successors": [
        {
            "outcome_label": "exclusive_special_sandling__DETDUP_1",
            "successor_id": "21"
        },
        {
            "outcome_label": "exclusive_special_sandling__DETDUP_2",
            "successor_id": "6"
        }
       ]
    },
    "12": {
      "expected_successor": "4",
      "action": "inclusive_converge_inclusivegateway_1dgb4sg",
      "state": "0xf402860",
      "distance": 5,
      "is_relevant": 0,
      "is_goal": 0,
      "is_sc": 1,
      "successors": [
        {
            "outcome_label": "inclusive_converge_inclusivegateway_1dgb4sg",
            "successor_id": "4"
        }
       ]
    },
    "24": {
      "expected_successor": "23",
      "action": "parallel_parallelgateway_02fgrfq",
      "state": "0xf40e930",
      "distance": 9,
      "is_relevant": 0,
      "is_goal": 0,
      "is_sc": 1,
      "successors": [
        {
            "outcome_label": "parallel_parallelgateway_02fgrfq",
            "successor_id": "23"
        }
       ]
    },
    "26": {
      "expected_successor": "25",
      "action": "start_ship_goods",
      "state": "0xf40b680",
      "distance": 11,
      "is_relevant": 0,
      "is_goal": 0,
      "is_sc": 1,
      "successors": [
        {
            "outcome_label": "start_ship_goods",
            "successor_id": "25"
        }
       ]
    },
    "21": {
      "expected_successor": "13",
      "action": "inclusive_diverge_inclusivegateway_0p2e5vq",
      "state": "0xf3ffe30",
      "distance": 7,
      "is_relevant": 0,
      "is_goal": 0,
      "is_sc": 1,
      "successors": [
        {
            "outcome_label": "inclusive_diverge_inclusivegateway_0p2e5vq_DETDUP_1",
            "successor_id": "27"
        },
        {
            "outcome_label": "inclusive_diverge_inclusivegateway_0p2e5vq_DETDUP_2",
            "successor_id": "13"
        },
        {
            "outcome_label": "inclusive_diverge_inclusivegateway_0p2e5vq_DETDUP_3",
            "successor_id": "20"
        }
       ]
    },
    "23": {
      "expected_successor": "22",
      "action": "clarify_shipment_method",
      "state": "0xf40ea90",
      "distance": 8,
      "is_relevant": 0,
      "is_goal": 0,
      "is_sc": 1,
      "successors": [
        {
            "outcome_label": "clarify_shipment_method",
            "successor_id": "22"
        }
       ]
    },
    "25": {
      "expected_successor": "24",
      "action": "activate_parallelgateway_02fgrfq",
      "state": "0xf40e710",
      "distance": 10,
      "is_relevant": 0,
      "is_goal": 0,
      "is_sc": 1,
      "successors": [
        {
            "outcome_label": "activate_parallelgateway_02fgrfq",
            "successor_id": "24"
        }
       ]
    }
  },
  "edges" : [
      ["13", ">", "12"],
      ["20", ">", "12"],
      ["27", ">", "13"],
      ["5", ">", "4"],
      ["6", ">", "5"],
      ["1", ">", "0"],
      ["2", ">", "1"],
      ["3", ">", "2"],
      ["4", ">", "3"],
      ["22", ">", "21"],
      ["22", ">", "6"],
      ["12", ">", "4"],
      ["24", ">", "23"],
      ["26", ">", "25"],
      ["21", ">", "27"],
      ["21", ">", "13"],
      ["21", ">", "20"],
      ["23", ">", "22"],
      ["25", ">", "24"]
  ],
  "states" : {
    "0xf3f6100": [
      "Atom done()"
    ],
    "0xf40be90": [
      "Atom branch_started_inclusivegateway_0p2e5vq_task_12j0pib()",
      "Atom task_12j0pib()",
      "NegatedAtom branch_started_inclusivegateway_0p2e5vq_task_0jsoxba()",
      "Atom at_least_one_branch_inclusivegateway_0p2e5vq()"
    ],
    "0xf404fb0": [
      "NegatedAtom branch_started_inclusivegateway_0p2e5vq_task_12j0pib()",
      "Atom branch_started_inclusivegateway_0p2e5vq_task_0jsoxba()",
      "Atom task_0jsoxba()",
      "Atom at_least_one_branch_inclusivegateway_0p2e5vq()"
    ],
    "0xf404230": [
      "Atom branch_started_inclusivegateway_0p2e5vq_task_12j0pib()",
      "Atom task_12j0pib()",
      "Atom branch_started_inclusivegateway_0p2e5vq_task_0jsoxba()",
      "Atom task_0jsoxba()",
      "Atom at_least_one_branch_inclusivegateway_0p2e5vq()"
    ],
    "0xf4011b0": [
      "Atom task_0s79ile()"
    ],
    "0xf405360": [
      "Atom task_0e6hvnj()"
    ],
    "0xf3fd2c0": [
      "Atom endevent_1fx9yp3()"
    ],
    "0xf3fdda0": [
      "Atom task_0sl26uo()"
    ],
    "0xf3fd4e0": [
      "Atom exclusivegateway_0z5sib0()"
    ],
    "0xf3fc1f0": [
      "Atom exclusivegateway_1ouv9kf()"
    ],
    "0xf40b400": [
      "Atom exclusivegateway_1mpgzhg()",
      "NegatedAtom branch_started_inclusivegateway_0p2e5vq_task_12j0pib()",
      "NegatedAtom branch_started_inclusivegateway_0p2e5vq_task_0jsoxba()"
    ],
    "0xf402860": [
      "NegatedAtom branch_started_inclusivegateway_0p2e5vq_task_12j0pib()",
      "NegatedAtom branch_started_inclusivegateway_0p2e5vq_task_0jsoxba()",
      "Atom at_least_one_branch_inclusivegateway_0p2e5vq()",
      "Atom inclusivegateway_1dgb4sg()"
    ],
    "0xf40e930": [
      "Atom parallelgateway_02fgrfq()",
      "NegatedAtom branch_started_inclusivegateway_0p2e5vq_task_12j0pib()",
      "NegatedAtom branch_started_inclusivegateway_0p2e5vq_task_0jsoxba()"
    ],
    "0xf40b680": [
      "NegatedAtom started()",
      "NegatedAtom startevent_1()",
      "NegatedAtom branch_started_inclusivegateway_0p2e5vq_task_12j0pib()",
      "NegatedAtom branch_started_inclusivegateway_0p2e5vq_task_0jsoxba()"
    ],
    "0xf3ffe30": [
      "Atom inclusivegateway_0p2e5vq()",
      "NegatedAtom branch_started_inclusivegateway_0p2e5vq_task_12j0pib()",
      "NegatedAtom branch_started_inclusivegateway_0p2e5vq_task_0jsoxba()"
    ],
    "0xf40ea90": [
      "Atom task_0vaxgaa()",
      "NegatedAtom branch_started_inclusivegateway_0p2e5vq_task_12j0pib()",
      "NegatedAtom branch_started_inclusivegateway_0p2e5vq_task_0jsoxba()"
    ],
    "0xf40e710": [
      "Atom startevent_1()",
      "NegatedAtom branch_started_inclusivegateway_0p2e5vq_task_12j0pib()",
      "NegatedAtom branch_started_inclusivegateway_0p2e5vq_task_0jsoxba()"
    ]
   }
}