{

  "init": "5",
  "goal": "0",
  "nodes" : {
    "0": {
      "expected_successor": false,
      "action": "---",
      "state": "0x77e64a0",
      "distance": 0,
      "is_relevant": 1,
      "is_goal": 1,
      "is_sc": 1,
      "successors": [

       ]
    },
    "1": {
      "expected_successor": "0",
      "action": "goal_pizza_eaten",
      "state": "0x77e9610",
      "distance": 1,
      "is_relevant": 0,
      "is_goal": 0,
      "is_sc": 1,
      "successors": [
        {
            "outcome_label": "goal_pizza_eaten",
            "successor_id": "0"
        }
       ]
    },
    "2": {
      "expected_successor": "1",
      "action": "eat_pizza",
      "state": "0x77e8880",
      "distance": 2,
      "is_relevant": 0,
      "is_goal": 0,
      "is_sc": 1,
      "successors": [
        {
            "outcome_label": "eat_pizza",
            "successor_id": "1"
        }
       ]
    },
    "3": {
      "expected_successor": "2",
      "action": "event_gateway_11vw55q",
      "state": "0x77e88c0",
      "distance": 3,
      "is_relevant": 0,
      "is_goal": 0,
      "is_sc": 1,
      "successors": [
        {
            "outcome_label": "event_gateway_11vw55q_DETDUP_1",
            "successor_id": "2"
        },
        {
            "outcome_label": "event_gateway_11vw55q_DETDUP_2",
            "successor_id": "7"
        }
       ]
    },
    "4": {
      "expected_successor": "3",
      "action": "order_pizza",
      "state": "0x77e8a00",
      "distance": 4,
      "is_relevant": 0,
      "is_goal": 0,
      "is_sc": 1,
      "successors": [
        {
            "outcome_label": "order_pizza",
            "successor_id": "3"
        }
       ]
    },
    "5": {
      "expected_successor": "4",
      "action": "start_pizza_wanted",
      "state": "0x77e95f0",
      "distance": 5,
      "is_relevant": 0,
      "is_goal": 0,
      "is_sc": 1,
      "successors": [
        {
            "outcome_label": "start_pizza_wanted",
            "successor_id": "4"
        }
       ]
    },
    "6": {
      "expected_successor": "8",
      "action": "complain_to_delivery_service",
      "state": "0x77ec770",
      "distance": 4,
      "is_relevant": 0,
      "is_goal": 0,
      "is_sc": 1,
      "successors": [
        {
            "outcome_label": "complain_to_delivery_service",
            "successor_id": "8"
        }
       ]
    },
    "7": {
      "expected_successor": "6",
      "action": "exclusive_gateway_07nhnas",
      "state": "0x77ec4d0",
      "distance": 5,
      "is_relevant": 0,
      "is_goal": 0,
      "is_sc": 1,
      "successors": [
        {
            "outcome_label": "exclusive_gateway_07nhnas_DETDUP_1",
            "successor_id": "10"
        },
        {
            "outcome_label": "exclusive_gateway_07nhnas_DETDUP_2",
            "successor_id": "6"
        }
       ]
    },
    "8": {
      "expected_successor": "2",
      "action": "event_gateway_11vw55q",
      "state": "0x77e6620",
      "distance": 3,
      "is_relevant": 0,
      "is_goal": 0,
      "is_sc": 1,
      "successors": [
        {
            "outcome_label": "event_gateway_11vw55q_DETDUP_1",
            "successor_id": "2"
        },
        {
            "outcome_label": "event_gateway_11vw55q_DETDUP_2",
            "successor_id": "7"
        }
       ]
    },
    "10": {
      "expected_successor": "9",
      "action": "cancel_order",
      "state": "0x77f5770",
      "distance": 2,
      "is_relevant": 0,
      "is_goal": 0,
      "is_sc": 1,
      "successors": [
        {
            "outcome_label": "cancel_order",
            "successor_id": "9"
        }
       ]
    },
    "9": {
      "expected_successor": "0",
      "action": "goal_order_cancelled",
      "state": "0x77eff70",
      "distance": 1,
      "is_relevant": 0,
      "is_goal": 0,
      "is_sc": 1,
      "successors": [
        {
            "outcome_label": "goal_order_cancelled",
            "successor_id": "0"
        }
       ]
    }
  },
  "edges" : [
      ["1", ">", "0"],
      ["2", ">", "1"],
      ["3", ">", "2"],
      ["3", ">", "7"],
      ["4", ">", "3"],
      ["5", ">", "4"],
      ["6", ">", "8"],
      ["7", ">", "10"],
      ["7", ">", "6"],
      ["8", ">", "2"],
      ["8", ">", "7"],
      ["10", ">", "9"],
      ["9", ">", "0"]
  ],
  "states" : {
    "0x77e64a0": [
      "Atom done()"
    ],
    "0x77e9610": [
      "Atom event_1agqah2()"
    ],
    "0x77e8880": [
      "Atom event_1baygn5()"
    ],
    "0x77e88c0": [
      "Atom gateway_11vw55q()"
    ],
    "0x77e8a00": [
      "Atom startevent_1()"
    ],
    "0x77e95f0": [
      "NegatedAtom started()",
      "NegatedAtom startevent_1()"
    ],
    "0x77ec770": [
      "Atom activity_1pxtnfx()"
    ],
    "0x77ec4d0": [
      "Atom gateway_07nhnas()"
    ],
    "0x77e6620": [
      "Atom gateway_11vw55q()"
    ],
    "0x77f5770": [
      "Atom activity_1isqzov()"
    ],
    "0x77eff70": [
      "Atom event_0wb1u17()"
    ]
   }
}