{

  "init": "11",
  "goal": "0",
  "nodes" : {
    "0": {
      "expected_successor": false,
      "action": "---",
      "state": "0xa6ba550",
      "distance": 0,
      "is_relevant": 1,
      "is_goal": 1,
      "is_sc": 1,
      "successors": [

       ]
    },
    "6": {
      "expected_successor": "5",
      "action": "parallel_gateway_1la9igl",
      "state": "0xa6c6100",
      "distance": 6,
      "is_relevant": 0,
      "is_goal": 0,
      "is_sc": 1,
      "successors": [
        {
            "outcome_label": "parallel_gateway_1la9igl",
            "successor_id": "5"
        }
       ]
    },
    "7": {
      "expected_successor": "6",
      "action": "exclusive_gateway_1yg27bh",
      "state": "0xa6bf160",
      "distance": 7,
      "is_relevant": 0,
      "is_goal": 0,
      "is_sc": 1,
      "successors": [
        {
            "outcome_label": "exclusive_gateway_1yg27bh",
            "successor_id": "6"
        }
       ]
    },
    "8": {
      "expected_successor": "7",
      "action": "use_old_product_from_stock",
      "state": "0xa6bf2f0",
      "distance": 8,
      "is_relevant": 0,
      "is_goal": 0,
      "is_sc": 1,
      "successors": [
        {
            "outcome_label": "use_old_product_from_stock",
            "successor_id": "7"
        }
       ]
    },
    "9": {
      "expected_successor": "8",
      "action": "exclusive_order_value_above_25_000___",
      "state": "0xa6bf480",
      "distance": 9,
      "is_relevant": 0,
      "is_goal": 0,
      "is_sc": 1,
      "successors": [
        {
            "outcome_label": "exclusive_order_value_above_25_000____DETDUP_1",
            "successor_id": "12"
        },
        {
            "outcome_label": "exclusive_order_value_above_25_000____DETDUP_2",
            "successor_id": "8"
        }
       ]
    },
    "10": {
      "expected_successor": "9",
      "action": "process_order",
      "state": "0xa6bf610",
      "distance": 10,
      "is_relevant": 0,
      "is_goal": 0,
      "is_sc": 1,
      "successors": [
        {
            "outcome_label": "process_order",
            "successor_id": "9"
        }
       ]
    },
    "11": {
      "expected_successor": "10",
      "action": "start_order_received",
      "state": "0xa6bf7a0",
      "distance": 11,
      "is_relevant": 0,
      "is_goal": 0,
      "is_sc": 1,
      "successors": [
        {
            "outcome_label": "start_order_received",
            "successor_id": "10"
        }
       ]
    },
    "12": {
      "expected_successor": "7",
      "action": "produce_fresh_product",
      "state": "0xa6cb050",
      "distance": 8,
      "is_relevant": 0,
      "is_goal": 0,
      "is_sc": 1,
      "successors": [
        {
            "outcome_label": "produce_fresh_product",
            "successor_id": "7"
        }
       ]
    },
    "3": {
      "expected_successor": "2",
      "action": "parallel_gateway_04hl5tz",
      "state": "0xa6bd010",
      "distance": 3,
      "is_relevant": 0,
      "is_goal": 0,
      "is_sc": 1,
      "successors": [
        {
            "outcome_label": "parallel_gateway_04hl5tz",
            "successor_id": "2"
        }
       ]
    },
    "4": {
      "expected_successor": "3",
      "action": "package_goods",
      "state": "0xa6bd0b0",
      "distance": 4,
      "is_relevant": 0,
      "is_goal": 0,
      "is_sc": 1,
      "successors": [
        {
            "outcome_label": "package_goods",
            "successor_id": "3"
        }
       ]
    },
    "5": {
      "expected_successor": "4",
      "action": "organize_shipment",
      "state": "0xa6c1060",
      "distance": 5,
      "is_relevant": 0,
      "is_goal": 0,
      "is_sc": 1,
      "successors": [
        {
            "outcome_label": "organize_shipment",
            "successor_id": "4"
        }
       ]
    },
    "1": {
      "expected_successor": "0",
      "action": "goal_order_processed",
      "state": "0xa6bae30",
      "distance": 1,
      "is_relevant": 0,
      "is_goal": 0,
      "is_sc": 1,
      "successors": [
        {
            "outcome_label": "goal_order_processed",
            "successor_id": "0"
        }
       ]
    },
    "2": {
      "expected_successor": "1",
      "action": "ship_order",
      "state": "0xa6bdc50",
      "distance": 2,
      "is_relevant": 0,
      "is_goal": 0,
      "is_sc": 1,
      "successors": [
        {
            "outcome_label": "ship_order",
            "successor_id": "1"
        }
       ]
    }
  },
  "edges" : [
      ["6", ">", "5"],
      ["7", ">", "6"],
      ["8", ">", "7"],
      ["9", ">", "12"],
      ["9", ">", "8"],
      ["10", ">", "9"],
      ["11", ">", "10"],
      ["12", ">", "7"],
      ["3", ">", "2"],
      ["4", ">", "3"],
      ["5", ">", "4"],
      ["1", ">", "0"],
      ["2", ">", "1"]
  ],
  "states" : {
    "0xa6ba550": [
      "Atom done()"
    ],
    "0xa6c6100": [
      "Atom gateway_1la9igl()"
    ],
    "0xa6bf160": [
      "Atom gateway_1yg27bh()"
    ],
    "0xa6bf2f0": [
      "Atom activity_0hpwxsm()"
    ],
    "0xa6bf480": [
      "Atom gateway_1nuiirw()"
    ],
    "0xa6bf610": [
      "Atom startevent_1()"
    ],
    "0xa6bf7a0": [
      "NegatedAtom started()",
      "NegatedAtom startevent_1()"
    ],
    "0xa6cb050": [
      "Atom activity_08v385w()"
    ],
    "0xa6bd010": [
      "NegatedAtom activity_1x6npxm()",
      "NegatedAtom activity_1wqi2kf()",
      "Atom gateway_04hl5tz()"
    ],
    "0xa6bd0b0": [
      "Atom activity_1x6npxm()",
      "NegatedAtom activity_1wqi2kf()"
    ],
    "0xa6c1060": [
      "Atom activity_1x6npxm()",
      "Atom activity_1wqi2kf()"
    ],
    "0xa6bae30": [
      "Atom event_12xfkhi()"
    ],
    "0xa6bdc50": [
      "Atom activity_1vopca8()"
    ]
   }
}