{

  "init": "6",
  "goal": "0",
  "nodes" : {
    "0": {
      "expected_successor": false,
      "action": "---",
      "state": "0x3116e4a0",
      "distance": 0,
      "is_relevant": 1,
      "is_goal": 1,
      "is_sc": 1,
      "successors": [

       ]
    },
    "1": {
      "expected_successor": "0",
      "action": "goal_scoring_request_handled",
      "state": "0x31174d50",
      "distance": 1,
      "is_relevant": 0,
      "is_goal": 0,
      "is_sc": 1,
      "successors": [
        {
            "outcome_label": "goal_scoring_request_handled",
            "successor_id": "0"
        }
       ]
    },
    "2": {
      "expected_successor": "1",
      "action": "send_credit_score",
      "state": "0x3117d7d0",
      "distance": 2,
      "is_relevant": 0,
      "is_goal": 0,
      "is_sc": 1,
      "successors": [
        {
            "outcome_label": "send_credit_score",
            "successor_id": "1"
        }
       ]
    },
    "3": {
      "expected_successor": "2",
      "action": "exclusive_exclusivegateway_11dldcm",
      "state": "0x31178780",
      "distance": 3,
      "is_relevant": 0,
      "is_goal": 0,
      "is_sc": 1,
      "successors": [
        {
            "outcome_label": "exclusive_exclusivegateway_11dldcm",
            "successor_id": "2"
        }
       ]
    },
    "4": {
      "expected_successor": "3",
      "action": "event_eventbasedgateway_02s95tm",
      "state": "0x31175290",
      "distance": 4,
      "is_relevant": 0,
      "is_goal": 0,
      "is_sc": 1,
      "successors": [
        {
            "outcome_label": "event_eventbasedgateway_02s95tm_DETDUP_1",
            "successor_id": "7"
        },
        {
            "outcome_label": "event_eventbasedgateway_02s95tm_DETDUP_2",
            "successor_id": "3"
        }
       ]
    },
    "5": {
      "expected_successor": "4",
      "action": "request_credit_score",
      "state": "0x31174db0",
      "distance": 5,
      "is_relevant": 0,
      "is_goal": 0,
      "is_sc": 1,
      "successors": [
        {
            "outcome_label": "request_credit_score",
            "successor_id": "4"
        }
       ]
    },
    "6": {
      "expected_successor": "5",
      "action": "start_process",
      "state": "0x31176c40",
      "distance": 6,
      "is_relevant": 0,
      "is_goal": 0,
      "is_sc": 1,
      "successors": [
        {
            "outcome_label": "start_process_DETDUP_1",
            "successor_id": "5"
        },
        {
            "outcome_label": "start_process_DETDUP_2",
            "successor_id": "11"
        }
       ]
    },
    "7": {
      "expected_successor": "3",
      "action": "report_delay",
      "state": "0x31178a30",
      "distance": 4,
      "is_relevant": 0,
      "is_goal": 0,
      "is_sc": 1,
      "successors": [
        {
            "outcome_label": "report_delay",
            "successor_id": "3"
        }
       ]
    },
    "12": {
      "expected_successor": "9",
      "action": "compute_credit_score__level_2_",
      "state": "0x31179d70",
      "distance": 4,
      "is_relevant": 0,
      "is_goal": 0,
      "is_sc": 1,
      "successors": [
        {
            "outcome_label": "compute_credit_score__level_2_",
            "successor_id": "9"
        }
       ]
    },
    "13": {
      "expected_successor": "12",
      "action": "report_delay_2",
      "state": "0x3117b410",
      "distance": 5,
      "is_relevant": 0,
      "is_goal": 0,
      "is_sc": 1,
      "successors": [
        {
            "outcome_label": "report_delay_2",
            "successor_id": "12"
        }
       ]
    },
    "10": {
      "expected_successor": "9",
      "action": "exclusive_score_available_",
      "state": "0x3117b3c0",
      "distance": 4,
      "is_relevant": 0,
      "is_goal": 0,
      "is_sc": 1,
      "successors": [
        {
            "outcome_label": "exclusive_score_available__DETDUP_1",
            "successor_id": "13"
        },
        {
            "outcome_label": "exclusive_score_available__DETDUP_2",
            "successor_id": "9"
        }
       ]
    },
    "11": {
      "expected_successor": "10",
      "action": "compute_credit_score__level_1_",
      "state": "0x3117b9e0",
      "distance": 5,
      "is_relevant": 0,
      "is_goal": 0,
      "is_sc": 1,
      "successors": [
        {
            "outcome_label": "compute_credit_score__level_1_",
            "successor_id": "10"
        }
       ]
    },
    "8": {
      "expected_successor": "1",
      "action": "exclusive_exclusivegateway_125lzox",
      "state": "0x3117c960",
      "distance": 2,
      "is_relevant": 0,
      "is_goal": 0,
      "is_sc": 1,
      "successors": [
        {
            "outcome_label": "exclusive_exclusivegateway_125lzox",
            "successor_id": "1"
        }
       ]
    },
    "9": {
      "expected_successor": "8",
      "action": "send_credit_score_from_exclusivegateway_0rtdod4",
      "state": "0x3117c840",
      "distance": 3,
      "is_relevant": 0,
      "is_goal": 0,
      "is_sc": 1,
      "successors": [
        {
            "outcome_label": "send_credit_score_from_exclusivegateway_0rtdod4",
            "successor_id": "8"
        }
       ]
    }
  },
  "edges" : [
      ["1", ">", "0"],
      ["2", ">", "1"],
      ["3", ">", "2"],
      ["4", ">", "7"],
      ["4", ">", "3"],
      ["5", ">", "4"],
      ["6", ">", "5"],
      ["6", ">", "11"],
      ["7", ">", "3"],
      ["12", ">", "9"],
      ["13", ">", "12"],
      ["10", ">", "13"],
      ["10", ">", "9"],
      ["11", ">", "10"],
      ["8", ">", "1"],
      ["9", ">", "8"]
  ],
  "states" : {
    "0x3116e4a0": [
      "Atom done()"
    ],
    "0x31174d50": [
      "Atom endevent_0rp5trg()"
    ],
    "0x3117d7d0": [
      "Atom task_1fzfxey()"
    ],
    "0x31178780": [
      "Atom exclusivegateway_11dldcm()"
    ],
    "0x31175290": [
      "Atom eventbasedgateway_02s95tm()"
    ],
    "0x31174db0": [
      "Atom startevent_1els7eb()"
    ],
    "0x31176c40": [
      "NegatedAtom startevent_0o849un()",
      "NegatedAtom startevent_1els7eb()",
      "NegatedAtom started()"
    ],
    "0x31178a30": [
      "Atom intermediatecatchevent_0ujob24()"
    ],
    "0x31179d70": [
      "Atom task_02m68xj()"
    ],
    "0x3117b410": [
      "Atom task_01ouvha()"
    ],
    "0x3117b3c0": [
      "Atom exclusivegateway_0rtdod4()"
    ],
    "0x3117b9e0": [
      "Atom startevent_0o849un()"
    ],
    "0x3117c960": [
      "Atom exclusivegateway_125lzox()"
    ],
    "0x3117c840": [
      "Atom task_07vbn2i()"
    ]
   }
}